<?xml version="1.0" encoding="UTF-8"?>
<!-- Generated by org.testng.reporters.JUnitReportReporter -->
<testsuite hostname="DESKTOP-LMBJ13J" failures="0" tests="1" name="demo.JekinsTest" time="12.156" errors="0" timestamp="2025-04-19T10:41:12 IST" skipped="0">
  <testcase classname="demo.JekinsTest" name="launch" time="12.156"/>
  <system-out>
    <![CDATA[Demowevshop launched Sucessfully]]>
  </system-out>
</testsuite> <!-- demo.JekinsTest -->
